<?xml version="1.0" encoding="UTF-8"?>
<testsuite name="org.tiogasolutions.identity.client.core.PubLinkTest" tests="1" skipped="0" failures="0" errors="0" timestamp="2016-10-30T06:32:23" hostname="Dragon" time="0.004">
  <properties/>
  <testcase name="testTranslation" classname="org.tiogasolutions.identity.client.core.PubLinkTest" time="0.004"/>
  <system-out><![CDATA[]]></system-out>
  <system-err><![CDATA[]]></system-err>
</testsuite>
